2022-07-13 16:05:08,909 [django.utils.autoreload:597] [autoreload:run_with_reloader] [INFO]- Watching for file changes with StatReloader
2022-07-13 16:38:40,251 [django.utils.autoreload:597] [autoreload:run_with_reloader] [INFO]- Watching for file changes with StatReloader
2022-07-13 16:38:52,817 [django.server:154] [basehttp:log_message] [INFO]- "GET /api/login HTTP/1.1" 301 0
2022-07-13 16:38:58,834 [django.server:154] [basehttp:log_message] [INFO]- "GET /api/login/ HTTP/1.1" 200 3866
2022-07-13 16:38:59,021 [django.server:154] [basehttp:log_message] [INFO]- "GET /static/assets/iconfont/style.css HTTP/1.1" 200 1638
2022-07-13 16:38:59,031 [django.server:154] [basehttp:log_message] [INFO]- "GET /static/assets/cdn/bootstrap.min.css HTTP/1.1" 200 121200
2022-07-13 16:38:59,810 [django.server:154] [basehttp:log_message] [INFO]- "GET /static/assets/img/bg.jpg HTTP/1.1" 200 135990
2022-07-13 16:38:59,931 [django.server:154] [basehttp:log_message] [INFO]- "GET /static/assets/iconfont/fonts/icomoon.ttf?u4m6fy HTTP/1.1" 200 6900
2022-07-13 16:38:59,938 [django.server:154] [basehttp:log_message] [INFO]- "GET /static/assets/img/main_bg.png HTTP/1.1" 200 2801
2022-07-13 16:39:05,700 [django.server:154] [basehttp:log_message] [INFO]- "POST /api/login/ HTTP/1.1" 302 0
2022-07-13 16:39:08,032 [django.server:154] [basehttp:log_message] [INFO]- "GET /api/index/ HTTP/1.1" 200 18051
2022-07-13 16:39:08,116 [django.server:154] [basehttp:log_message] [INFO]- "GET /static/assets/cdn/fileinput.css HTTP/1.1" 200 11337
2022-07-13 16:39:08,139 [django.server:154] [basehttp:log_message] [INFO]- "GET /static/assets/cdn/jquery.min.js HTTP/1.1" 200 84280
2022-07-13 16:39:08,145 [django.server:154] [basehttp:log_message] [INFO]- "GET /static/assets/cdn/bootstrap.min.js HTTP/1.1" 200 37045
2022-07-13 16:39:08,151 [django.server:154] [basehttp:log_message] [INFO]- "GET /static/assets/cdn/fileinput.js HTTP/1.1" 200 206385
2022-07-13 16:39:08,193 [django.server:154] [basehttp:log_message] [INFO]- "GET /static/assets/cdn/fileinput.min.css HTTP/1.1" 200 8560
2022-07-13 16:39:08,209 [django.server:154] [basehttp:log_message] [INFO]- "GET /static/assets/cdn/fileinput.min.js HTTP/1.1" 200 93335
2022-07-13 16:39:08,350 [django.server:154] [basehttp:log_message] [INFO]- "GET /static/assets/css/admin.css HTTP/1.1" 200 19659
2022-07-13 16:39:08,352 [django.server:154] [basehttp:log_message] [INFO]- "GET /static/assets/cdn/amazeui.min.css HTTP/1.1" 200 255214
2022-07-13 16:39:08,365 [django.server:154] [basehttp:log_message] [INFO]- "GET /static/assets/css/common.css HTTP/1.1" 200 1004
2022-07-13 16:39:08,382 [django.server:154] [basehttp:log_message] [INFO]- "GET /static/assets/cdn/amazeui.min.js HTTP/1.1" 200 210967
2022-07-13 16:39:08,477 [django.server:154] [basehttp:log_message] [INFO]- "GET /static/assets/cdn/jquery.serializejson.min.js HTTP/1.1" 200 5622
2022-07-13 16:39:08,616 [django.server:154] [basehttp:log_message] [INFO]- "GET /static/assets/cdn/ace.js HTTP/1.1" 200 370471
2022-07-13 16:39:09,097 [django.server:154] [basehttp:log_message] [INFO]- "GET /static/assets/js/ext-language_tools.js HTTP/1.1" 200 50485
2022-07-13 16:39:09,142 [django.server:154] [basehttp:log_message] [INFO]- "GET /static/assets/js/app.js HTTP/1.1" 200 20844
2022-07-13 16:39:09,152 [django.server:154] [basehttp:log_message] [INFO]- "GET /static/assets/cdn/jquery-ui.min.js HTTP/1.1" 200 228489
2022-07-13 16:39:09,368 [django.server:154] [basehttp:log_message] [INFO]- "GET /static/assets/js/commons.js HTTP/1.1" 200 13651
2022-07-13 16:39:11,027 [django.server:154] [basehttp:log_message] [WARNING]- "GET /static/assets/fonts/fontawesome-webfont.woff2?v=4.6.3 HTTP/1.1" 404 1746
2022-07-13 16:39:11,334 [django.server:154] [basehttp:log_message] [WARNING]- "GET /static/assets/fonts/fontawesome-webfont.woff?v=4.6.3 HTTP/1.1" 404 1743
2022-07-13 16:39:11,500 [django.server:154] [basehttp:log_message] [WARNING]- "GET /static/assets/fonts/fontawesome-webfont.ttf?v=4.6.3 HTTP/1.1" 404 1740
2022-07-13 16:39:18,214 [django.server:154] [basehttp:log_message] [INFO]- "GET /api/project_list/1/ HTTP/1.1" 200 29176
2022-07-13 16:39:20,489 [django.server:154] [basehttp:log_message] [WARNING]- "GET /static/assets/fonts/fontawesome-webfont.woff2?v=4.6.3 HTTP/1.1" 404 1746
2022-07-13 16:39:21,302 [django.server:154] [basehttp:log_message] [WARNING]- "GET /static/assets/fonts/fontawesome-webfont.woff?v=4.6.3 HTTP/1.1" 404 1743
2022-07-13 16:39:21,722 [django.server:154] [basehttp:log_message] [WARNING]- "GET /static/assets/fonts/fontawesome-webfont.ttf?v=4.6.3 HTTP/1.1" 404 1740
2022-07-13 16:39:32,454 [django.server:154] [basehttp:log_message] [WARNING]- "GET /static/assets/cdn/bootstrap.min.css.map HTTP/1.1" 404 1720
2022-07-13 16:39:33,326 [django.server:154] [basehttp:log_message] [WARNING]- "GET /static/assets/cdn/jquery.min.map HTTP/1.1" 404 1699
2022-07-13 16:51:43,291 [django.server:154] [basehttp:log_message] [INFO]- "GET /api/project_list/1/ HTTP/1.1" 200 29176
2022-07-13 16:51:43,399 [django.server:154] [basehttp:log_message] [INFO]- "GET /static/assets/cdn/bootstrap.min.css HTTP/1.1" 200 121154
2022-07-13 16:51:43,423 [django.server:154] [basehttp:log_message] [INFO]- "GET /static/assets/cdn/fileinput.min.js HTTP/1.1" 304 0
2022-07-13 16:51:43,425 [django.server:154] [basehttp:log_message] [INFO]- "GET /static/assets/cdn/fileinput.min.css HTTP/1.1" 304 0
2022-07-13 16:51:43,459 [django.server:154] [basehttp:log_message] [INFO]- "GET /static/assets/cdn/fileinput.css HTTP/1.1" 304 0
2022-07-13 16:51:43,471 [django.server:154] [basehttp:log_message] [INFO]- "GET /static/assets/cdn/amazeui.min.css HTTP/1.1" 304 0
2022-07-13 16:51:43,576 [django.server:154] [basehttp:log_message] [INFO]- "GET /static/assets/cdn/jquery.serializejson.min.js HTTP/1.1" 304 0
2022-07-13 16:51:43,579 [django.server:154] [basehttp:log_message] [INFO]- "GET /static/assets/cdn/amazeui.min.js HTTP/1.1" 304 0
2022-07-13 16:51:43,606 [django.server:154] [basehttp:log_message] [INFO]- "GET /static/assets/cdn/bootstrap.min.js HTTP/1.1" 304 0
2022-07-13 16:51:43,628 [django.server:154] [basehttp:log_message] [INFO]- "GET /static/assets/cdn/jquery.min.js HTTP/1.1" 304 0
2022-07-13 16:51:43,658 [django.server:154] [basehttp:log_message] [INFO]- "GET /static/assets/cdn/fileinput.js HTTP/1.1" 304 0
2022-07-13 16:51:43,796 [django.server:154] [basehttp:log_message] [INFO]- "GET /static/assets/cdn/ace.js HTTP/1.1" 304 0
2022-07-13 16:51:43,806 [django.server:154] [basehttp:log_message] [INFO]- "GET /static/assets/cdn/jquery-ui.min.js HTTP/1.1" 304 0
2022-07-13 16:51:46,606 [django.server:154] [basehttp:log_message] [WARNING]- "GET /static/assets/fonts/fontawesome-webfont.woff2?v=4.6.3 HTTP/1.1" 404 1746
2022-07-13 16:51:47,029 [django.server:154] [basehttp:log_message] [WARNING]- "GET /static/assets/fonts/fontawesome-webfont.woff?v=4.6.3 HTTP/1.1" 404 1743
2022-07-13 16:51:47,506 [django.server:154] [basehttp:log_message] [WARNING]- "GET /static/assets/fonts/fontawesome-webfont.ttf?v=4.6.3 HTTP/1.1" 404 1740
2022-07-13 16:51:47,737 [django.server:154] [basehttp:log_message] [INFO]- "GET /favicon.ico HTTP/1.1" 302 0
2022-07-13 17:43:32,358 [django.server:154] [basehttp:log_message] [INFO]- "GET /static/assets/cdn/fileinput.css HTTP/1.1" 304 0
2022-07-13 17:43:32,391 [django.server:154] [basehttp:log_message] [INFO]- "GET /static/assets/cdn/fileinput.min.js HTTP/1.1" 304 0
2022-07-13 17:43:32,453 [django.server:154] [basehttp:log_message] [INFO]- "GET /static/assets/cdn/amazeui.min.css HTTP/1.1" 304 0
2022-07-13 17:43:32,461 [django.server:154] [basehttp:log_message] [INFO]- "GET /static/assets/cdn/fileinput.min.css HTTP/1.1" 304 0
2022-07-13 17:43:32,797 [django.server:154] [basehttp:log_message] [INFO]- "GET /static/assets/cdn/jquery.min.js HTTP/1.1" 304 0
2022-07-13 17:43:32,875 [django.server:154] [basehttp:log_message] [INFO]- "GET /static/assets/cdn/bootstrap.min.css HTTP/1.1" 304 0
2022-07-13 17:43:32,927 [django.server:154] [basehttp:log_message] [INFO]- "GET /static/assets/cdn/jquery.serializejson.min.js HTTP/1.1" 304 0
2022-07-13 17:43:32,929 [django.server:154] [basehttp:log_message] [INFO]- "GET /static/assets/cdn/amazeui.min.js HTTP/1.1" 304 0
2022-07-13 17:43:33,007 [django.server:154] [basehttp:log_message] [INFO]- "GET /static/assets/cdn/ace.js HTTP/1.1" 304 0
2022-07-13 17:43:33,009 [django.server:154] [basehttp:log_message] [INFO]- "GET /static/assets/cdn/jquery-ui.min.js HTTP/1.1" 304 0
2022-07-13 17:43:33,012 [django.server:154] [basehttp:log_message] [INFO]- "GET /static/assets/cdn/bootstrap.min.js HTTP/1.1" 304 0
2022-07-13 17:43:33,016 [django.server:154] [basehttp:log_message] [INFO]- "GET /static/assets/cdn/fileinput.js HTTP/1.1" 304 0
2022-07-13 17:43:36,784 [django.server:154] [basehttp:log_message] [WARNING]- "GET /static/assets/fonts/fontawesome-webfont.woff2?v=4.6.3 HTTP/1.1" 404 1746
2022-07-13 17:43:37,533 [django.server:154] [basehttp:log_message] [WARNING]- "GET /static/assets/fonts/fontawesome-webfont.woff?v=4.6.3 HTTP/1.1" 404 1743
2022-07-13 17:43:37,917 [django.server:154] [basehttp:log_message] [WARNING]- "GET /static/assets/fonts/fontawesome-webfont.ttf?v=4.6.3 HTTP/1.1" 404 1740
2022-07-13 17:43:51,209 [django.server:154] [basehttp:log_message] [INFO]- "GET /api/project_list/1/ HTTP/1.1" 200 29176
2022-07-13 17:44:29,566 [django.server:154] [basehttp:log_message] [INFO]- "GET /api/project_list/1/ HTTP/1.1" 200 29176
2022-07-13 17:44:32,087 [django.server:154] [basehttp:log_message] [INFO]- "GET /static/assets/fonts/fontawesome-webfont.woff2?v=4.6.3 HTTP/1.1" 200 77160
2022-07-13 17:44:32,918 [django.server:154] [basehttp:log_message] [INFO]- "GET /favicon.ico HTTP/1.1" 302 0
2022-07-13 17:44:48,791 [django.server:154] [basehttp:log_message] [INFO]- "GET /api/project_list/1/ HTTP/1.1" 200 29176
2022-07-13 17:45:51,706 [django.server:154] [basehttp:log_message] [INFO]- "GET /api/add_project/ HTTP/1.1" 200 17220
2022-07-13 17:45:53,919 [django.server:154] [basehttp:log_message] [WARNING]- "GET /static/assets/fonts/glyphicons-halflings-regular.woff2 HTTP/1.1" 404 1765
2022-07-13 17:45:54,215 [django.server:154] [basehttp:log_message] [WARNING]- "GET /static/assets/fonts/glyphicons-halflings-regular.woff HTTP/1.1" 404 1762
2022-07-13 17:45:54,391 [django.server:154] [basehttp:log_message] [WARNING]- "GET /static/assets/fonts/glyphicons-halflings-regular.ttf HTTP/1.1" 404 1759
2022-07-13 17:45:58,888 [django.server:154] [basehttp:log_message] [INFO]- "GET /api/module_list/1/ HTTP/1.1" 200 27921
2022-07-13 17:46:08,687 [django.server:154] [basehttp:log_message] [INFO]- "GET /api/add_project/ HTTP/1.1" 200 17220
2022-07-13 17:46:11,462 [django.server:154] [basehttp:log_message] [WARNING]- "GET /static/assets/fonts/glyphicons-halflings-regular.woff2 HTTP/1.1" 404 1765
2022-07-13 17:46:12,282 [django.server:154] [basehttp:log_message] [WARNING]- "GET /static/assets/fonts/glyphicons-halflings-regular.woff HTTP/1.1" 404 1762
2022-07-13 17:46:12,488 [django.server:154] [basehttp:log_message] [WARNING]- "GET /static/assets/fonts/glyphicons-halflings-regular.ttf HTTP/1.1" 404 1759
2022-07-13 17:54:54,709 [django.server:154] [basehttp:log_message] [INFO]- "GET /api/add_project/ HTTP/1.1" 200 17220
2022-07-13 17:54:54,994 [django.server:154] [basehttp:log_message] [INFO]- "GET /static/assets/cdn/bootstrap.min.css HTTP/1.1" 304 0
2022-07-13 17:54:55,006 [django.server:154] [basehttp:log_message] [INFO]- "GET /static/assets/cdn/fileinput.css HTTP/1.1" 304 0
2022-07-13 17:54:55,018 [django.server:154] [basehttp:log_message] [INFO]- "GET /static/assets/cdn/jquery.min.js HTTP/1.1" 304 0
2022-07-13 17:54:55,303 [django.server:154] [basehttp:log_message] [INFO]- "GET /static/assets/cdn/fileinput.min.css HTTP/1.1" 304 0
2022-07-13 17:54:55,306 [django.server:154] [basehttp:log_message] [INFO]- "GET /static/assets/cdn/amazeui.min.css HTTP/1.1" 304 0
2022-07-13 17:54:55,311 [django.server:154] [basehttp:log_message] [INFO]- "GET /static/assets/cdn/fileinput.js HTTP/1.1" 304 0
2022-07-13 17:54:55,411 [django.server:154] [basehttp:log_message] [INFO]- "GET /static/assets/cdn/bootstrap.min.js HTTP/1.1" 304 0
2022-07-13 17:54:55,416 [django.server:154] [basehttp:log_message] [INFO]- "GET /static/assets/cdn/fileinput.min.js HTTP/1.1" 304 0
2022-07-13 17:54:55,463 [django.server:154] [basehttp:log_message] [INFO]- "GET /static/assets/cdn/amazeui.min.js HTTP/1.1" 304 0
2022-07-13 17:54:55,536 [django.server:154] [basehttp:log_message] [INFO]- "GET /static/assets/cdn/ace.js HTTP/1.1" 304 0
2022-07-13 17:54:55,538 [django.server:154] [basehttp:log_message] [INFO]- "GET /static/assets/cdn/jquery.serializejson.min.js HTTP/1.1" 304 0
2022-07-13 17:54:55,542 [django.server:154] [basehttp:log_message] [INFO]- "GET /static/assets/cdn/jquery-ui.min.js HTTP/1.1" 304 0
2022-07-13 17:55:00,384 [django.server:154] [basehttp:log_message] [WARNING]- "GET /static/assets/fonts/glyphicons-halflings-regular.woff2 HTTP/1.1" 404 1765
2022-07-13 17:55:00,583 [django.server:154] [basehttp:log_message] [INFO]- "GET /static/assets/fonts/glyphicons-halflings-regular.woff HTTP/1.1" 200 23292
2022-07-13 17:55:00,728 [django.server:154] [basehttp:log_message] [INFO]- "GET /favicon.ico HTTP/1.1" 302 0
2022-07-13 17:56:23,002 [django.server:154] [basehttp:log_message] [INFO]- "GET /api/add_project/ HTTP/1.1" 200 17220
2022-07-13 17:56:25,970 [django.server:154] [basehttp:log_message] [INFO]- "GET /static/assets/fonts/glyphicons-halflings-regular.woff2 HTTP/1.1" 200 18028
2022-07-13 17:56:26,290 [django.server:154] [basehttp:log_message] [INFO]- "GET /favicon.ico HTTP/1.1" 302 0
2022-07-13 17:56:30,464 [django.server:154] [basehttp:log_message] [INFO]- "GET /api/debugtalk_list/1/ HTTP/1.1" 200 13446
2022-07-13 17:56:39,281 [django.server:154] [basehttp:log_message] [INFO]- "GET /api/module_list/1/ HTTP/1.1" 200 27921
2022-07-13 17:56:51,930 [django.server:154] [basehttp:log_message] [INFO]- "GET /api/add_module/ HTTP/1.1" 200 15895
2022-07-13 17:56:53,820 [django.server:154] [basehttp:log_message] [INFO]- "GET /static/assets/fonts/glyphicons-halflings-regular.woff2 HTTP/1.1" 304 0
2022-07-13 17:57:01,138 [django.server:154] [basehttp:log_message] [INFO]- "GET /api/add_case/ HTTP/1.1" 200 35933
2022-07-13 17:57:10,474 [django.server:154] [basehttp:log_message] [INFO]- "GET /api/test_list/1/ HTTP/1.1" 200 21679
2022-07-13 17:57:15,497 [django.server:154] [basehttp:log_message] [INFO]- "POST /api/add_case/ HTTP/1.1" 200 0
2022-07-13 17:57:23,262 [django.server:154] [basehttp:log_message] [INFO]- "GET /api/robot_case_list/1/ HTTP/1.1" 200 22133
2022-07-13 17:57:34,733 [django.server:154] [basehttp:log_message] [INFO]- "GET /api/add_config/ HTTP/1.1" 200 28579
2022-07-13 17:57:43,888 [django.server:154] [basehttp:log_message] [INFO]- "GET /api/config_list/1/ HTTP/1.1" 200 20821
2022-07-13 17:57:49,171 [django.server:154] [basehttp:log_message] [INFO]- "POST /api/add_case/ HTTP/1.1" 200 0
2022-07-13 17:59:51,853 [django.server:154] [basehttp:log_message] [INFO]- "GET /api/report_list/1/ HTTP/1.1" 200 14132
2022-07-13 18:02:11,392 [django.server:154] [basehttp:log_message] [INFO]- "GET /api/index/ HTTP/1.1" 200 18051
2022-07-13 18:02:11,502 [django.server:154] [basehttp:log_message] [INFO]- "GET /static/assets/cdn/bootstrap.min.css HTTP/1.1" 304 0
2022-07-13 18:02:23,028 [django.server:154] [basehttp:log_message] [INFO]- "GET /api/test_list/1/ HTTP/1.1" 200 21679
2022-07-13 18:02:26,394 [django.server:154] [basehttp:log_message] [INFO]- "POST /api/add_case/ HTTP/1.1" 200 0
2022-07-13 18:02:29,718 [django.server:154] [basehttp:log_message] [INFO]- "GET /api/index/ HTTP/1.1" 200 18051
2022-07-14 09:18:04,409 [django.utils.autoreload:597] [autoreload:run_with_reloader] [INFO]- Watching for file changes with StatReloader
2022-07-14 09:18:32,937 [django.server:154] [basehttp:log_message] [INFO]- "GET /api/test_list/1/ HTTP/1.1" 302 0
2022-07-14 09:18:33,052 [django.server:154] [basehttp:log_message] [INFO]- "GET /api/login/ HTTP/1.1" 200 3866
2022-07-14 09:18:33,433 [django.server:154] [basehttp:log_message] [INFO]- "GET /static/assets/cdn/bootstrap.min.css HTTP/1.1" 304 0
2022-07-14 09:18:35,377 [django.server:154] [basehttp:log_message] [INFO]- "GET /favicon.ico HTTP/1.1" 302 0
2022-07-14 09:18:39,427 [django.server:154] [basehttp:log_message] [INFO]- "POST /api/login/ HTTP/1.1" 302 0
2022-07-14 09:18:42,304 [django.server:154] [basehttp:log_message] [INFO]- "GET /api/index/ HTTP/1.1" 200 18051
2022-07-14 09:18:42,813 [django.server:154] [basehttp:log_message] [INFO]- "GET /static/assets/cdn/fileinput.js HTTP/1.1" 304 0
2022-07-14 09:18:43,050 [django.server:154] [basehttp:log_message] [INFO]- "GET /static/assets/cdn/fileinput.css HTTP/1.1" 304 0
2022-07-14 09:18:43,234 [django.server:154] [basehttp:log_message] [INFO]- "GET /static/assets/cdn/fileinput.min.css HTTP/1.1" 304 0
2022-07-14 09:18:43,309 [django.server:154] [basehttp:log_message] [INFO]- "GET /static/assets/cdn/amazeui.min.css HTTP/1.1" 304 0
2022-07-14 09:18:43,376 [django.server:154] [basehttp:log_message] [INFO]- "GET /static/assets/cdn/jquery-ui.min.js HTTP/1.1" 304 0
2022-07-14 09:18:43,387 [django.server:154] [basehttp:log_message] [INFO]- "GET /static/assets/cdn/fileinput.min.js HTTP/1.1" 304 0
2022-07-14 09:18:43,393 [django.server:154] [basehttp:log_message] [INFO]- "GET /static/assets/cdn/bootstrap.min.js HTTP/1.1" 304 0
2022-07-14 09:18:43,453 [django.server:154] [basehttp:log_message] [INFO]- "GET /static/assets/cdn/jquery.serializejson.min.js HTTP/1.1" 304 0
2022-07-14 09:18:43,469 [django.server:154] [basehttp:log_message] [INFO]- "GET /static/assets/cdn/jquery.min.js HTTP/1.1" 304 0
2022-07-14 09:18:43,574 [django.server:154] [basehttp:log_message] [INFO]- "GET /static/assets/cdn/ace.js HTTP/1.1" 304 0
2022-07-14 09:18:43,590 [django.server:154] [basehttp:log_message] [INFO]- "GET /static/assets/cdn/amazeui.min.js HTTP/1.1" 304 0
2022-07-14 09:20:33,494 [django.server:154] [basehttp:log_message] [INFO]- "GET /api/project_list/1/ HTTP/1.1" 200 29176
2022-07-14 09:20:42,955 [django.server:154] [basehttp:log_message] [INFO]- "GET /api/add_project/ HTTP/1.1" 200 17220
2022-07-14 09:20:46,087 [django.server:154] [basehttp:log_message] [INFO]- "GET /static/assets/fonts/glyphicons-halflings-regular.woff2 HTTP/1.1" 304 0
2022-07-14 09:20:52,211 [django.server:154] [basehttp:log_message] [INFO]- "GET /api/project_list/1/ HTTP/1.1" 200 29176
2022-07-14 09:21:04,330 [django.server:154] [basehttp:log_message] [INFO]- "GET /api/module_list/1/ HTTP/1.1" 200 27921
2022-07-14 09:21:16,071 [django.server:154] [basehttp:log_message] [INFO]- "GET /api/add_module/ HTTP/1.1" 200 15895
2022-07-14 09:21:24,294 [django.server:154] [basehttp:log_message] [INFO]- "GET /api/module_list/1/ HTTP/1.1" 200 27921
2022-07-14 09:21:33,055 [django.server:154] [basehttp:log_message] [INFO]- "GET /api/test_list/1/ HTTP/1.1" 200 21679
2022-07-14 09:21:40,193 [django.server:154] [basehttp:log_message] [INFO]- "POST /api/add_case/ HTTP/1.1" 200 0
2022-07-14 09:26:20,528 [django.server:154] [basehttp:log_message] [INFO]- "GET /api/login HTTP/1.1" 301 0
2022-07-14 09:26:21,218 [django.server:154] [basehttp:log_message] [INFO]- "GET /api/login/ HTTP/1.1" 200 3866
2022-07-14 09:26:21,950 [django.server:154] [basehttp:log_message] [INFO]- "GET /static/assets/iconfont/style.css HTTP/1.1" 200 1638
2022-07-14 09:26:21,958 [django.server:154] [basehttp:log_message] [INFO]- "GET /static/assets/cdn/bootstrap.min.css HTTP/1.1" 200 121154
2022-07-14 09:26:22,304 [django.server:154] [basehttp:log_message] [INFO]- "GET /static/assets/img/main_bg.png HTTP/1.1" 200 2801
2022-07-14 09:26:22,313 [django.server:154] [basehttp:log_message] [INFO]- "GET /static/assets/img/bg.jpg HTTP/1.1" 200 135990
2022-07-14 09:26:22,773 [django.server:154] [basehttp:log_message] [INFO]- "GET /static/assets/iconfont/fonts/icomoon.ttf?u4m6fy HTTP/1.1" 200 6900
2022-07-14 09:26:23,383 [django.server:154] [basehttp:log_message] [INFO]- "GET /favicon.ico HTTP/1.1" 302 0
2022-07-14 09:26:23,567 [django.server:154] [basehttp:log_message] [INFO]- "GET /static/assets/img/favicon.ico HTTP/1.1" 200 67646
2022-07-14 09:26:33,285 [django.server:154] [basehttp:log_message] [INFO]- "POST /api/login/ HTTP/1.1" 302 0
2022-07-14 09:26:35,796 [django.server:154] [basehttp:log_message] [INFO]- "GET /api/index/ HTTP/1.1" 200 18051
2022-07-14 09:26:36,021 [django.server:154] [basehttp:log_message] [INFO]- "GET /static/assets/cdn/fileinput.css HTTP/1.1" 200 11337
2022-07-14 09:26:36,140 [django.server:154] [basehttp:log_message] [INFO]- "GET /static/assets/cdn/jquery.min.js HTTP/1.1" 200 84280
2022-07-14 09:26:36,214 [django.server:154] [basehttp:log_message] [INFO]- "GET /static/assets/cdn/fileinput.js HTTP/1.1" 200 206385
2022-07-14 09:26:36,361 [django.server:154] [basehttp:log_message] [INFO]- "GET /static/assets/cdn/fileinput.min.css HTTP/1.1" 200 8560
2022-07-14 09:26:36,481 [django.server:154] [basehttp:log_message] [INFO]- "GET /static/assets/cdn/amazeui.min.css HTTP/1.1" 200 255214
2022-07-14 09:26:36,516 [django.server:154] [basehttp:log_message] [INFO]- "GET /static/assets/css/admin.css HTTP/1.1" 200 19659
2022-07-14 09:26:36,533 [django.server:154] [basehttp:log_message] [INFO]- "GET /static/assets/css/common.css HTTP/1.1" 200 1004
2022-07-14 09:26:36,653 [django.server:154] [basehttp:log_message] [INFO]- "GET /static/assets/cdn/bootstrap.min.js HTTP/1.1" 200 37045
2022-07-14 09:26:36,692 [django.server:154] [basehttp:log_message] [INFO]- "GET /static/assets/cdn/fileinput.min.js HTTP/1.1" 200 93335
2022-07-14 09:26:36,766 [django.server:154] [basehttp:log_message] [INFO]- "GET /static/assets/cdn/amazeui.min.js HTTP/1.1" 200 210967
2022-07-14 09:26:36,787 [django.server:154] [basehttp:log_message] [INFO]- "GET /static/assets/cdn/jquery.serializejson.min.js HTTP/1.1" 200 5622
2022-07-14 09:26:36,911 [django.server:154] [basehttp:log_message] [INFO]- "GET /static/assets/cdn/ace.js HTTP/1.1" 200 370471
2022-07-14 09:26:37,046 [django.server:154] [basehttp:log_message] [INFO]- "GET /static/assets/js/ext-language_tools.js HTTP/1.1" 200 50485
2022-07-14 09:26:37,202 [django.server:154] [basehttp:log_message] [INFO]- "GET /static/assets/cdn/jquery-ui.min.js HTTP/1.1" 200 228489
2022-07-14 09:26:37,627 [django.server:154] [basehttp:log_message] [INFO]- "GET /static/assets/js/app.js HTTP/1.1" 200 20844
2022-07-14 09:26:37,829 [django.server:154] [basehttp:log_message] [INFO]- "GET /static/assets/js/commons.js HTTP/1.1" 200 13651
2022-07-14 09:27:21,132 [django.server:154] [basehttp:log_message] [INFO]- "GET /static/assets/fonts/fontawesome-webfont.woff2?v=4.6.3 HTTP/1.1" 200 77160
2022-07-14 10:18:32,280 [django.server:154] [basehttp:log_message] [WARNING]- "GET /static/assets/cdn/jquery.min.map HTTP/1.1" 404 1699
2022-07-14 16:16:13,007 [django.server:154] [basehttp:log_message] [INFO]- "GET /api/index/ HTTP/1.1" 302 0
2022-07-14 16:16:13,239 [django.server:154] [basehttp:log_message] [INFO]- "GET /api/login/ HTTP/1.1" 200 3866
2022-07-14 16:16:13,451 [django.server:154] [basehttp:log_message] [INFO]- "GET /static/assets/cdn/bootstrap.min.css HTTP/1.1" 304 0
2022-07-14 16:16:26,108 [django.server:154] [basehttp:log_message] [INFO]- "POST /api/login/ HTTP/1.1" 302 0
2022-07-14 16:16:28,391 [django.server:154] [basehttp:log_message] [INFO]- "GET /api/index/ HTTP/1.1" 200 18009
2022-07-14 16:16:28,562 [django.server:154] [basehttp:log_message] [INFO]- "GET /static/assets/cdn/fileinput.css HTTP/1.1" 304 0
2022-07-14 16:16:28,565 [django.server:154] [basehttp:log_message] [INFO]- "GET /static/assets/cdn/fileinput.js HTTP/1.1" 304 0
2022-07-14 16:16:28,567 [django.server:154] [basehttp:log_message] [INFO]- "GET /static/assets/cdn/jquery.min.js HTTP/1.1" 304 0
2022-07-14 16:16:28,684 [django.server:154] [basehttp:log_message] [INFO]- "GET /static/assets/cdn/fileinput.min.css HTTP/1.1" 304 0
2022-07-14 16:16:28,742 [django.server:154] [basehttp:log_message] [INFO]- "GET /static/assets/cdn/amazeui.min.css HTTP/1.1" 304 0
2022-07-14 16:16:28,807 [django.server:154] [basehttp:log_message] [INFO]- "GET /static/assets/cdn/bootstrap.min.js HTTP/1.1" 304 0
2022-07-14 16:16:28,916 [django.server:154] [basehttp:log_message] [INFO]- "GET /static/assets/cdn/fileinput.min.js HTTP/1.1" 304 0
2022-07-14 16:16:28,935 [django.server:154] [basehttp:log_message] [INFO]- "GET /static/assets/cdn/amazeui.min.js HTTP/1.1" 304 0
2022-07-14 16:16:28,978 [django.server:154] [basehttp:log_message] [INFO]- "GET /static/assets/cdn/jquery.serializejson.min.js HTTP/1.1" 304 0
2022-07-14 16:16:29,067 [django.server:154] [basehttp:log_message] [INFO]- "GET /static/assets/cdn/echarts-gl.min.js HTTP/1.1" 200 687678
2022-07-14 16:16:29,155 [django.server:154] [basehttp:log_message] [INFO]- "GET /static/assets/cdn/echarts.min.js HTTP/1.1" 200 747390
2022-07-14 16:16:29,267 [django.server:154] [basehttp:log_message] [INFO]- "GET /static/assets/cdn/ace.js HTTP/1.1" 304 0
2022-07-14 16:16:29,295 [django.server:154] [basehttp:log_message] [INFO]- "GET /static/assets/cdn/dataTool.min.js HTTP/1.1" 200 3726
2022-07-14 16:16:29,324 [django.server:154] [basehttp:log_message] [ERROR]- "GET /static/assets/cdn/ace.jshttp://echarts.baidu.com/gallery/vendors/echarts-stat/ecStat.min.js HTTP/1.1" 500 59
2022-07-14 16:16:29,517 [django.server:154] [basehttp:log_message] [ERROR]- "GET /static/assets/cdn/ace.jshttp://echarts.baidu.com/gallery/vendors/echarts/map/js/china.js HTTP/1.1" 500 59
2022-07-14 16:16:29,685 [django.server:154] [basehttp:log_message] [ERROR]- "GET /static/assets/cdn/ace.jshttp://echarts.baidu.com/gallery/vendors/echarts/map/js/world.js HTTP/1.1" 500 59
2022-07-14 16:16:29,823 [django.server:154] [basehttp:log_message] [INFO]- "GET /static/assets/cdn/jquery-ui.min.js HTTP/1.1" 304 0
2022-07-14 16:16:29,829 [django.server:154] [basehttp:log_message] [INFO]- "GET /static/assets/cdn/bmap.min.js HTTP/1.1" 200 5209
2022-07-14 16:16:30,204 [django.server:154] [basehttp:log_message] [ERROR]- "GET /static/assets/cdn/ace.jshttp://api.map.baidu.com/api?v=2.0&ak=gOHvscEPyWazDS2TdEQGdM102tlvjh0I HTTP/1.1" 500 59
2022-07-14 16:16:30,224 [django.server:154] [basehttp:log_message] [ERROR]- "GET /static/assets/cdn/ace.jshttp://echarts.baidu.com/gallery/vendors/simplex.js HTTP/1.1" 500 59
2022-07-14 16:16:42,183 [django.server:154] [basehttp:log_message] [WARNING]- "GET /static/assets/cdn/jquery.min.map HTTP/1.1" 404 1699
2022-07-14 16:33:24,310 [django.server:154] [basehttp:log_message] [INFO]- "GET /static/assets/cdn/dataTool.min.js HTTP/1.1" 304 0
2022-07-14 16:33:24,362 [django.server:154] [basehttp:log_message] [INFO]- "GET /static/assets/cdn/echarts-gl.min.js HTTP/1.1" 304 0
2022-07-14 16:33:24,384 [django.server:154] [basehttp:log_message] [ERROR]- "GET /static/assets/cdn/ace.jshttp://echarts.baidu.com/gallery/vendors/echarts/map/js/world.js HTTP/1.1" 500 59
2022-07-14 16:33:24,391 [django.server:154] [basehttp:log_message] [INFO]- "GET /static/assets/cdn/echarts.min.js HTTP/1.1" 304 0
2022-07-14 16:33:24,525 [django.server:154] [basehttp:log_message] [INFO]- "GET /static/assets/cdn/bmap.min.js HTTP/1.1" 304 0
2022-07-14 16:33:25,703 [django.server:154] [basehttp:log_message] [ERROR]- "GET /static/assets/cdn/ace.jshttp://echarts.baidu.com/gallery/vendors/echarts/map/js/china.js HTTP/1.1" 500 59
2022-07-14 16:33:26,029 [django.server:154] [basehttp:log_message] [ERROR]- "GET /static/assets/cdn/ace.jshttp://echarts.baidu.com/gallery/vendors/simplex.js HTTP/1.1" 500 59
2022-07-14 16:33:26,034 [django.server:154] [basehttp:log_message] [ERROR]- "GET /static/assets/cdn/ace.jshttp://echarts.baidu.com/gallery/vendors/echarts-stat/ecStat.min.js HTTP/1.1" 500 59
2022-07-14 16:33:26,060 [django.server:154] [basehttp:log_message] [ERROR]- "GET /static/assets/cdn/ace.jshttp://api.map.baidu.com/api?v=2.0&ak=gOHvscEPyWazDS2TdEQGdM102tlvjh0I HTTP/1.1" 500 59
2022-07-14 16:33:39,986 [django.server:154] [basehttp:log_message] [WARNING]- "GET /static/assets/cdn/jquery.min.map HTTP/1.1" 404 1699
2022-07-14 16:33:40,835 [django.server:154] [basehttp:log_message] [INFO]- "GET /api/index/ HTTP/1.1" 200 17825
2022-07-14 16:33:44,571 [django.server:154] [basehttp:log_message] [INFO]- "GET /api/index/ HTTP/1.1" 200 17825
2022-07-14 16:33:45,126 [django.server:154] [basehttp:log_message] [INFO]- "GET /static/assets/cdn/ecStat.min.js HTTP/1.1" 200 16061
2022-07-14 16:33:45,165 [django.server:154] [basehttp:log_message] [INFO]- "GET /static/assets/cdn/china.js HTTP/1.1" 200 62619
2022-07-14 16:33:45,211 [django.server:154] [basehttp:log_message] [INFO]- "GET /static/assets/cdn/world.js HTTP/1.1" 200 147885
2022-07-14 16:33:45,303 [django.server:154] [basehttp:log_message] [ERROR]- "GET /static/assets/cdn/ace.jshttp://api.map.baidu.com/api?v=2.0&ak=gOHvscEPyWazDS2TdEQGdM102tlvjh0I HTTP/1.1" 500 59
2022-07-14 16:33:45,342 [django.server:154] [basehttp:log_message] [ERROR]- "GET /static/assets/cdn/ace.jshttp://echarts.baidu.com/gallery/vendors/simplex.js HTTP/1.1" 500 59
2022-07-14 16:33:45,829 [django.server:154] [basehttp:log_message] [WARNING]- "GET /static/assets/cdn/jquery.min.map HTTP/1.1" 404 1699
2022-07-14 16:33:50,117 [django.server:154] [basehttp:log_message] [INFO]- "GET /favicon.ico HTTP/1.1" 302 0
2022-07-14 16:40:32,893 [django.server:154] [basehttp:log_message] [INFO]- "GET /api/index/ HTTP/1.1" 200 17679
2022-07-14 16:40:33,172 [django.server:154] [basehttp:log_message] [INFO]- "GET /static/assets/cdn/china.js HTTP/1.1" 304 0
2022-07-14 16:40:33,181 [django.server:154] [basehttp:log_message] [INFO]- "GET /static/assets/cdn/ecStat.min.js HTTP/1.1" 304 0
2022-07-14 16:40:33,185 [django.server:154] [basehttp:log_message] [INFO]- "GET /static/assets/cdn/world.js HTTP/1.1" 304 0
2022-07-14 16:40:33,859 [django.server:154] [basehttp:log_message] [ERROR]- "GET /static/assets/cdn/ace.jshttp://echarts.baidu.com/gallery/vendors/simplex.js HTTP/1.1" 500 59
2022-07-14 16:40:34,974 [django.server:154] [basehttp:log_message] [WARNING]- "GET /static/assets/cdn/jquery.min.map HTTP/1.1" 404 1699
2022-07-14 16:40:39,530 [django.server:154] [basehttp:log_message] [INFO]- "GET /favicon.ico HTTP/1.1" 302 0
2022-07-14 17:02:07,719 [django.server:154] [basehttp:log_message] [INFO]- "GET /api/index/ HTTP/1.1" 200 17552
2022-07-14 17:02:08,755 [django.server:154] [basehttp:log_message] [INFO]- "GET /static/assets/cdn/echarts.min.js HTTP/1.1" 304 0
2022-07-14 17:02:08,756 [django.server:154] [basehttp:log_message] [INFO]- "GET /static/assets/cdn/ecStat.min.js HTTP/1.1" 304 0
2022-07-14 17:02:08,757 [django.server:154] [basehttp:log_message] [INFO]- "GET /static/assets/cdn/echarts-gl.min.js HTTP/1.1" 304 0
2022-07-14 17:02:09,306 [django.server:154] [basehttp:log_message] [INFO]- "GET /static/assets/cdn/world.js HTTP/1.1" 304 0
2022-07-14 17:02:09,467 [django.server:154] [basehttp:log_message] [INFO]- "GET /static/assets/cdn/china.js HTTP/1.1" 304 0
2022-07-14 17:02:09,593 [django.server:154] [basehttp:log_message] [INFO]- "GET /static/assets/cdn/dataTool.min.js HTTP/1.1" 304 0
2022-07-14 17:02:09,887 [django.server:154] [basehttp:log_message] [INFO]- "GET /static/assets/cdn/bmap.min.js HTTP/1.1" 304 0
2022-07-14 17:02:15,026 [django.server:154] [basehttp:log_message] [INFO]- "GET /favicon.ico HTTP/1.1" 302 0
2022-07-14 17:02:54,930 [django.server:154] [basehttp:log_message] [WARNING]- "GET /static/assets/cdn/jquery.min.map HTTP/1.1" 404 1699
2022-07-14 17:09:39,601 [django.server:154] [basehttp:log_message] [INFO]- "GET /api/index/ HTTP/1.1" 200 17552
2022-07-14 17:09:40,110 [django.server:154] [basehttp:log_message] [INFO]- "GET /static/assets/cdn/ecStat.min.js HTTP/1.1" 304 0
2022-07-14 17:09:40,228 [django.server:154] [basehttp:log_message] [INFO]- "GET /static/assets/cdn/china.js HTTP/1.1" 304 0
2022-07-14 17:09:40,311 [django.server:154] [basehttp:log_message] [INFO]- "GET /static/assets/cdn/world.js HTTP/1.1" 304 0
2022-07-14 17:09:42,497 [django.server:154] [basehttp:log_message] [WARNING]- "GET /static/assets/cdn/jquery.min.map HTTP/1.1" 404 1699
2022-07-14 17:09:46,478 [django.server:154] [basehttp:log_message] [INFO]- "GET /favicon.ico HTTP/1.1" 302 0
2022-07-14 17:09:54,586 [django.server:154] [basehttp:log_message] [INFO]- "GET /api/report_list/1/ HTTP/1.1" 200 14132
2022-07-14 17:09:55,602 [django.server:154] [basehttp:log_message] [WARNING]- "GET /static/assets/cdn/jquery.min.map HTTP/1.1" 404 1699
2022-07-14 17:10:13,107 [django.server:154] [basehttp:log_message] [INFO]- "GET /api/periodictask/1/ HTTP/1.1" 200 16005
2022-07-14 17:10:14,800 [django.server:154] [basehttp:log_message] [WARNING]- "GET /static/assets/cdn/jquery.min.map HTTP/1.1" 404 1699
2022-07-14 17:10:24,144 [django.server:154] [basehttp:log_message] [INFO]- "GET /api/suite_list/1/ HTTP/1.1" 200 22784
2022-07-14 17:10:24,701 [django.server:154] [basehttp:log_message] [WARNING]- "GET /static/assets/cdn/jquery.min.map HTTP/1.1" 404 1699
2022-07-14 17:10:31,673 [django.server:154] [basehttp:log_message] [INFO]- "GET /api/report_list/1/ HTTP/1.1" 200 14132
2022-07-14 17:10:32,748 [django.server:154] [basehttp:log_message] [WARNING]- "GET /static/assets/cdn/jquery.min.map HTTP/1.1" 404 1699
2022-07-21 10:44:30,707 [django.utils.autoreload:597] [autoreload:run_with_reloader] [INFO]- Watching for file changes with StatReloader
2022-07-21 10:45:12,327 [django.request:228] [log:log_response] [WARNING]- Not Found: /
2022-07-21 10:45:12,351 [django.server:154] [basehttp:log_message] [WARNING]- "GET / HTTP/1.1" 404 2562
2022-07-21 10:45:14,195 [django.server:154] [basehttp:log_message] [INFO]- "GET /favicon.ico HTTP/1.1" 302 0
2022-07-21 10:45:26,033 [django.server:154] [basehttp:log_message] [INFO]- "GET /admin/login/ HTTP/1.1" 200 1825
2022-07-21 10:45:26,213 [django.server:154] [basehttp:log_message] [INFO]- "GET /static/admin/css/responsive.css HTTP/1.1" 304 0
2022-07-21 10:45:26,228 [django.server:154] [basehttp:log_message] [INFO]- "GET /static/admin/css/login.css HTTP/1.1" 304 0
2022-07-21 10:45:26,234 [django.server:154] [basehttp:log_message] [INFO]- "GET /static/admin/css/base.css HTTP/1.1" 304 0
2022-07-21 10:45:26,401 [django.server:154] [basehttp:log_message] [INFO]- "GET /static/admin/css/fonts.css HTTP/1.1" 304 0
2022-07-21 10:45:26,874 [django.server:154] [basehttp:log_message] [INFO]- "GET /static/admin/fonts/Roboto-Light-webfont.woff HTTP/1.1" 304 0
2022-07-21 10:45:26,886 [django.server:154] [basehttp:log_message] [INFO]- "GET /static/admin/fonts/Roboto-Regular-webfont.woff HTTP/1.1" 304 0
2022-07-21 10:45:32,199 [django.server:154] [basehttp:log_message] [INFO]- "POST /admin/login/ HTTP/1.1" 302 0
2022-07-21 10:45:34,696 [django.server:154] [basehttp:log_message] [INFO]- "GET /admin/ HTTP/1.1" 200 8158
2022-07-21 10:45:34,789 [django.server:154] [basehttp:log_message] [INFO]- "GET /static/admin/css/dashboard.css HTTP/1.1" 304 0
2022-07-21 10:45:34,863 [django.server:154] [basehttp:log_message] [INFO]- "GET /static/admin/img/icon-addlink.svg HTTP/1.1" 304 0
2022-07-21 10:45:34,893 [django.server:154] [basehttp:log_message] [INFO]- "GET /static/admin/img/icon-changelink.svg HTTP/1.1" 304 0
2022-07-21 10:45:35,281 [django.server:154] [basehttp:log_message] [INFO]- "GET /static/admin/fonts/Roboto-Bold-webfont.woff HTTP/1.1" 304 0
2022-07-21 10:45:48,655 [django.server:154] [basehttp:log_message] [INFO]- "GET /api/login/ HTTP/1.1" 200 3866
2022-07-21 10:45:48,735 [django.server:154] [basehttp:log_message] [INFO]- "GET /static/assets/cdn/bootstrap.min.css HTTP/1.1" 200 121154
2022-07-21 10:45:53,007 [django.server:154] [basehttp:log_message] [INFO]- "POST /api/login/ HTTP/1.1" 302 0
2022-07-21 10:45:55,824 [django.server:154] [basehttp:log_message] [INFO]- "GET /api/index/ HTTP/1.1" 200 17552
2022-07-21 10:45:56,051 [django.server:154] [basehttp:log_message] [INFO]- "GET /static/assets/cdn/fileinput.css HTTP/1.1" 200 11337
2022-07-21 10:45:56,259 [django.server:154] [basehttp:log_message] [INFO]- "GET /static/assets/cdn/jquery.min.js HTTP/1.1" 200 84280
2022-07-21 10:45:56,381 [django.server:154] [basehttp:log_message] [INFO]- "GET /static/assets/cdn/bootstrap.min.js HTTP/1.1" 200 37045
2022-07-21 10:45:56,425 [django.server:154] [basehttp:log_message] [INFO]- "GET /static/assets/cdn/fileinput.js HTTP/1.1" 200 206385
2022-07-21 10:45:56,432 [django.server:154] [basehttp:log_message] [INFO]- "GET /static/assets/cdn/fileinput.min.css HTTP/1.1" 200 8560
2022-07-21 10:45:56,531 [django.server:154] [basehttp:log_message] [INFO]- "GET /static/assets/cdn/fileinput.min.js HTTP/1.1" 200 93335
2022-07-21 10:45:56,588 [django.server:154] [basehttp:log_message] [INFO]- "GET /static/assets/cdn/amazeui.min.css HTTP/1.1" 200 255214
2022-07-21 10:45:56,742 [django.server:154] [basehttp:log_message] [INFO]- "GET /static/assets/cdn/jquery.serializejson.min.js HTTP/1.1" 200 5622
2022-07-21 10:45:56,783 [django.server:154] [basehttp:log_message] [INFO]- "GET /static/assets/cdn/amazeui.min.js HTTP/1.1" 200 210967
2022-07-21 10:45:56,840 [django.server:154] [basehttp:log_message] [INFO]- "GET /static/assets/cdn/ace.js HTTP/1.1" 200 370471
2022-07-21 10:45:57,092 [django.server:154] [basehttp:log_message] [INFO]- "GET /static/assets/cdn/jquery-ui.min.js HTTP/1.1" 200 228489
2022-07-21 10:45:57,273 [django.server:154] [basehttp:log_message] [INFO]- "GET /static/assets/cdn/echarts.min.js HTTP/1.1" 200 747390
2022-07-21 10:45:57,277 [django.server:154] [basehttp:log_message] [INFO]- "GET /static/assets/cdn/echarts-gl.min.js HTTP/1.1" 200 687678
2022-07-21 10:45:57,390 [django.server:154] [basehttp:log_message] [INFO]- "GET /static/assets/cdn/ecStat.min.js HTTP/1.1" 200 16061
2022-07-21 10:45:57,404 [django.server:154] [basehttp:log_message] [INFO]- "GET /static/assets/cdn/dataTool.min.js HTTP/1.1" 200 3726
2022-07-21 10:45:57,494 [django.server:154] [basehttp:log_message] [INFO]- "GET /static/assets/cdn/china.js HTTP/1.1" 200 62619
2022-07-21 10:45:57,566 [django.server:154] [basehttp:log_message] [INFO]- "GET /static/assets/cdn/world.js HTTP/1.1" 200 147885
2022-07-21 10:45:57,842 [django.server:154] [basehttp:log_message] [INFO]- "GET /static/assets/cdn/bmap.min.js HTTP/1.1" 200 5209
2022-07-21 10:45:59,298 [django.server:154] [basehttp:log_message] [INFO]- "GET /static/assets/fonts/fontawesome-webfont.woff2?v=4.6.3 HTTP/1.1" 200 77160
